This is pdfTeX, Version 3.1415926-1.40.10 (TeX Live 2009/Debian) (format=pdflatex 2012.2.3)  2 APR 2012 03:22
entering extended mode
 %&-line parsing enabled.
**rapport.tex
(./rapport.tex
LaTeX2e <2009/09/24>
Babel <v3.8l> and hyphenation patterns for english, usenglishmax, dumylang, noh
yphenation, farsi, arabic, croatian, bulgarian, ukrainian, russian, czech, slov
ak, danish, dutch, finnish, french, basque, ngerman, german, german-x-2009-06-1
9, ngerman-x-2009-06-19, ibycus, monogreek, greek, ancientgreek, hungarian, san
skrit, italian, latin, latvian, lithuanian, mongolian2a, mongolian, bokmal, nyn
orsk, romanian, irish, coptic, serbian, turkish, welsh, esperanto, uppersorbian
, estonian, indonesian, interlingua, icelandic, kurmanji, slovenian, polish, po
rtuguese, spanish, galician, catalan, swedish, ukenglish, pinyin, loaded.
(/usr/share/texmf-texlive/tex/latex/base/book.cls
Document Class: book 2007/10/19 v1.4h Standard LaTeX document class
(/usr/share/texmf-texlive/tex/latex/base/bk12.clo
File: bk12.clo 2007/10/19 v1.4h Standard LaTeX file (size option)
)
\c@part=\count79
\c@chapter=\count80
\c@section=\count81
\c@subsection=\count82
\c@subsubsection=\count83
\c@paragraph=\count84
\c@subparagraph=\count85
\c@figure=\count86
\c@table=\count87
\abovecaptionskip=\skip41
\belowcaptionskip=\skip42
\bibindent=\dimen102
)
(/usr/share/texmf-texlive/tex/latex/base/inputenc.sty
Package: inputenc 2008/03/30 v1.1d Input encoding file
\inpenc@prehook=\toks14
\inpenc@posthook=\toks15

(/usr/share/texmf-texlive/tex/latex/base/utf8.def
File: utf8.def 2008/04/05 v1.1m UTF-8 support for inputenc
Now handling font encoding OML ...
... no UTF-8 mapping file for font encoding OML
Now handling font encoding T1 ...
... processing UTF-8 mapping file for font encoding T1

(/usr/share/texmf-texlive/tex/latex/base/t1enc.dfu
File: t1enc.dfu 2008/04/05 v1.1m UTF-8 support for inputenc
   defining Unicode char U+00A1 (decimal 161)
   defining Unicode char U+00A3 (decimal 163)
   defining Unicode char U+00AB (decimal 171)
   defining Unicode char U+00BB (decimal 187)
   defining Unicode char U+00BF (decimal 191)
   defining Unicode char U+00C0 (decimal 192)
   defining Unicode char U+00C1 (decimal 193)
   defining Unicode char U+00C2 (decimal 194)
   defining Unicode char U+00C3 (decimal 195)
   defining Unicode char U+00C4 (decimal 196)
   defining Unicode char U+00C5 (decimal 197)
   defining Unicode char U+00C6 (decimal 198)
   defining Unicode char U+00C7 (decimal 199)
   defining Unicode char U+00C8 (decimal 200)
   defining Unicode char U+00C9 (decimal 201)
   defining Unicode char U+00CA (decimal 202)
   defining Unicode char U+00CB (decimal 203)
   defining Unicode char U+00CC (decimal 204)
   defining Unicode char U+00CD (decimal 205)
   defining Unicode char U+00CE (decimal 206)
   defining Unicode char U+00CF (decimal 207)
   defining Unicode char U+00D0 (decimal 208)
   defining Unicode char U+00D1 (decimal 209)
   defining Unicode char U+00D2 (decimal 210)
   defining Unicode char U+00D3 (decimal 211)
   defining Unicode char U+00D4 (decimal 212)
   defining Unicode char U+00D5 (decimal 213)
   defining Unicode char U+00D6 (decimal 214)
   defining Unicode char U+00D8 (decimal 216)
   defining Unicode char U+00D9 (decimal 217)
   defining Unicode char U+00DA (decimal 218)
   defining Unicode char U+00DB (decimal 219)
   defining Unicode char U+00DC (decimal 220)
   defining Unicode char U+00DD (decimal 221)
   defining Unicode char U+00DE (decimal 222)
   defining Unicode char U+00DF (decimal 223)
   defining Unicode char U+00E0 (decimal 224)
   defining Unicode char U+00E1 (decimal 225)
   defining Unicode char U+00E2 (decimal 226)
   defining Unicode char U+00E3 (decimal 227)
   defining Unicode char U+00E4 (decimal 228)
   defining Unicode char U+00E5 (decimal 229)
   defining Unicode char U+00E6 (decimal 230)
   defining Unicode char U+00E7 (decimal 231)
   defining Unicode char U+00E8 (decimal 232)
   defining Unicode char U+00E9 (decimal 233)
   defining Unicode char U+00EA (decimal 234)
   defining Unicode char U+00EB (decimal 235)
   defining Unicode char U+00EC (decimal 236)
   defining Unicode char U+00ED (decimal 237)
   defining Unicode char U+00EE (decimal 238)
   defining Unicode char U+00EF (decimal 239)
   defining Unicode char U+00F0 (decimal 240)
   defining Unicode char U+00F1 (decimal 241)
   defining Unicode char U+00F2 (decimal 242)
   defining Unicode char U+00F3 (decimal 243)
   defining Unicode char U+00F4 (decimal 244)
   defining Unicode char U+00F5 (decimal 245)
   defining Unicode char U+00F6 (decimal 246)
   defining Unicode char U+00F8 (decimal 248)
   defining Unicode char U+00F9 (decimal 249)
   defining Unicode char U+00FA (decimal 250)
   defining Unicode char U+00FB (decimal 251)
   defining Unicode char U+00FC (decimal 252)
   defining Unicode char U+00FD (decimal 253)
   defining Unicode char U+00FE (decimal 254)
   defining Unicode char U+00FF (decimal 255)
   defining Unicode char U+0102 (decimal 258)
   defining Unicode char U+0103 (decimal 259)
   defining Unicode char U+0104 (decimal 260)
   defining Unicode char U+0105 (decimal 261)
   defining Unicode char U+0106 (decimal 262)
   defining Unicode char U+0107 (decimal 263)
   defining Unicode char U+010C (decimal 268)
   defining Unicode char U+010D (decimal 269)
   defining Unicode char U+010E (decimal 270)
   defining Unicode char U+010F (decimal 271)
   defining Unicode char U+0110 (decimal 272)
   defining Unicode char U+0111 (decimal 273)
   defining Unicode char U+0118 (decimal 280)
   defining Unicode char U+0119 (decimal 281)
   defining Unicode char U+011A (decimal 282)
   defining Unicode char U+011B (decimal 283)
   defining Unicode char U+011E (decimal 286)
   defining Unicode char U+011F (decimal 287)
   defining Unicode char U+0130 (decimal 304)
   defining Unicode char U+0131 (decimal 305)
   defining Unicode char U+0132 (decimal 306)
   defining Unicode char U+0133 (decimal 307)
   defining Unicode char U+0139 (decimal 313)
   defining Unicode char U+013A (decimal 314)
   defining Unicode char U+013D (decimal 317)
   defining Unicode char U+013E (decimal 318)
   defining Unicode char U+0141 (decimal 321)
   defining Unicode char U+0142 (decimal 322)
   defining Unicode char U+0143 (decimal 323)
   defining Unicode char U+0144 (decimal 324)
   defining Unicode char U+0147 (decimal 327)
   defining Unicode char U+0148 (decimal 328)
   defining Unicode char U+014A (decimal 330)
   defining Unicode char U+014B (decimal 331)
   defining Unicode char U+0150 (decimal 336)
   defining Unicode char U+0151 (decimal 337)
   defining Unicode char U+0152 (decimal 338)
   defining Unicode char U+0153 (decimal 339)
   defining Unicode char U+0154 (decimal 340)
   defining Unicode char U+0155 (decimal 341)
   defining Unicode char U+0158 (decimal 344)
   defining Unicode char U+0159 (decimal 345)
   defining Unicode char U+015A (decimal 346)
   defining Unicode char U+015B (decimal 347)
   defining Unicode char U+015E (decimal 350)
   defining Unicode char U+015F (decimal 351)
   defining Unicode char U+0160 (decimal 352)
   defining Unicode char U+0161 (decimal 353)
   defining Unicode char U+0162 (decimal 354)
   defining Unicode char U+0163 (decimal 355)
   defining Unicode char U+0164 (decimal 356)
   defining Unicode char U+0165 (decimal 357)
   defining Unicode char U+016E (decimal 366)
   defining Unicode char U+016F (decimal 367)
   defining Unicode char U+0170 (decimal 368)
   defining Unicode char U+0171 (decimal 369)
   defining Unicode char U+0178 (decimal 376)
   defining Unicode char U+0179 (decimal 377)
   defining Unicode char U+017A (decimal 378)
   defining Unicode char U+017B (decimal 379)
   defining Unicode char U+017C (decimal 380)
   defining Unicode char U+017D (decimal 381)
   defining Unicode char U+017E (decimal 382)
   defining Unicode char U+200C (decimal 8204)
   defining Unicode char U+2013 (decimal 8211)
   defining Unicode char U+2014 (decimal 8212)
   defining Unicode char U+2018 (decimal 8216)
   defining Unicode char U+2019 (decimal 8217)
   defining Unicode char U+201A (decimal 8218)
   defining Unicode char U+201C (decimal 8220)
   defining Unicode char U+201D (decimal 8221)
   defining Unicode char U+201E (decimal 8222)
   defining Unicode char U+2030 (decimal 8240)
   defining Unicode char U+2031 (decimal 8241)
   defining Unicode char U+2039 (decimal 8249)
   defining Unicode char U+203A (decimal 8250)
   defining Unicode char U+2423 (decimal 9251)
)
Now handling font encoding OT1 ...
... processing UTF-8 mapping file for font encoding OT1

(/usr/share/texmf-texlive/tex/latex/base/ot1enc.dfu
File: ot1enc.dfu 2008/04/05 v1.1m UTF-8 support for inputenc
   defining Unicode char U+00A1 (decimal 161)
   defining Unicode char U+00A3 (decimal 163)
   defining Unicode char U+00B8 (decimal 184)
   defining Unicode char U+00BF (decimal 191)
   defining Unicode char U+00C5 (decimal 197)
   defining Unicode char U+00C6 (decimal 198)
   defining Unicode char U+00D8 (decimal 216)
   defining Unicode char U+00DF (decimal 223)
   defining Unicode char U+00E6 (decimal 230)
   defining Unicode char U+00EC (decimal 236)
   defining Unicode char U+00ED (decimal 237)
   defining Unicode char U+00EE (decimal 238)
   defining Unicode char U+00EF (decimal 239)
   defining Unicode char U+00F8 (decimal 248)
   defining Unicode char U+0131 (decimal 305)
   defining Unicode char U+0141 (decimal 321)
   defining Unicode char U+0142 (decimal 322)
   defining Unicode char U+0152 (decimal 338)
   defining Unicode char U+0153 (decimal 339)
   defining Unicode char U+2013 (decimal 8211)
   defining Unicode char U+2014 (decimal 8212)
   defining Unicode char U+2018 (decimal 8216)
   defining Unicode char U+2019 (decimal 8217)
   defining Unicode char U+201C (decimal 8220)
   defining Unicode char U+201D (decimal 8221)
)
Now handling font encoding OMS ...
... processing UTF-8 mapping file for font encoding OMS

(/usr/share/texmf-texlive/tex/latex/base/omsenc.dfu
File: omsenc.dfu 2008/04/05 v1.1m UTF-8 support for inputenc
   defining Unicode char U+00A7 (decimal 167)
   defining Unicode char U+00B6 (decimal 182)
   defining Unicode char U+00B7 (decimal 183)
   defining Unicode char U+2020 (decimal 8224)
   defining Unicode char U+2021 (decimal 8225)
   defining Unicode char U+2022 (decimal 8226)
)
Now handling font encoding OMX ...
... no UTF-8 mapping file for font encoding OMX
Now handling font encoding U ...
... no UTF-8 mapping file for font encoding U
   defining Unicode char U+00A9 (decimal 169)
   defining Unicode char U+00AA (decimal 170)
   defining Unicode char U+00AE (decimal 174)
   defining Unicode char U+00BA (decimal 186)
   defining Unicode char U+02C6 (decimal 710)
   defining Unicode char U+02DC (decimal 732)
   defining Unicode char U+200C (decimal 8204)
   defining Unicode char U+2026 (decimal 8230)
   defining Unicode char U+2122 (decimal 8482)
   defining Unicode char U+2423 (decimal 9251)
))
(/usr/share/texmf-texlive/tex/latex/setspace/setspace.sty
Package: setspace 2000/12/01 6.7 Contributed and Supported LaTeX2e package

Package: `setspace' 6.7 <2000/12/01>
) (/usr/share/texmf-texlive/tex/latex/graphics/graphicx.sty
Package: graphicx 1999/02/16 v1.0f Enhanced LaTeX Graphics (DPC,SPQR)

(/usr/share/texmf-texlive/tex/latex/graphics/keyval.sty
Package: keyval 1999/03/16 v1.13 key=value parser (DPC)
\KV@toks@=\toks16
)
(/usr/share/texmf-texlive/tex/latex/graphics/graphics.sty
Package: graphics 2009/02/05 v1.0o Standard LaTeX Graphics (DPC,SPQR)

(/usr/share/texmf-texlive/tex/latex/graphics/trig.sty
Package: trig 1999/03/16 v1.09 sin cos tan (DPC)
)
(/etc/texmf/tex/latex/config/graphics.cfg
File: graphics.cfg 2009/08/28 v1.8 graphics configuration of TeX Live
)
Package graphics Info: Driver file: pdftex.def on input line 91.

(/usr/share/texmf-texlive/tex/latex/pdftex-def/pdftex.def
File: pdftex.def 2009/08/25 v0.04m Graphics/color for pdfTeX
\Gread@gobject=\count88
))
\Gin@req@height=\dimen103
\Gin@req@width=\dimen104
)
(/usr/share/texmf-texlive/tex/latex/graphics/color.sty
Package: color 2005/11/14 v1.0j Standard LaTeX Color (DPC)

(/etc/texmf/tex/latex/config/color.cfg
File: color.cfg 2007/01/18 v1.5 color configuration of teTeX/TeXLive
)
Package color Info: Driver file: pdftex.def on input line 130.
)
(/usr/share/texmf-texlive/tex/latex/quotchap/quotchap.sty
Package: quotchap 1998/02/09 v0.9f Decorative Chapter Headings with Quotes
\@quotebox=\box26
)
(/usr/share/texmf-texlive/tex/latex/preprint/fullpage.sty
Package: fullpage 1999/02/23 1.1 (PWD)
\FP@margin=\skip43
)
(/usr/share/texmf-texlive/tex/latex/listings/listings.sty
\lst@mode=\count89
\lst@gtempboxa=\box27
\lst@token=\toks17
\lst@length=\count90
\lst@currlwidth=\dimen105
\lst@column=\count91
\lst@pos=\count92
\lst@lostspace=\dimen106
\lst@width=\dimen107
\lst@newlines=\count93
\lst@lineno=\count94
\lst@maxwidth=\dimen108

(/usr/share/texmf-texlive/tex/latex/listings/lstmisc.sty
File: lstmisc.sty 2007/02/22 1.4 (Carsten Heinz)
\c@lstnumber=\count95
\lst@skipnumbers=\count96
\lst@framebox=\box28
)
(/usr/share/texmf-texlive/tex/latex/listings/listings.cfg
File: listings.cfg 2007/02/22 1.4 listings configuration
))
Package: listings 2007/02/22 1.4 (Carsten Heinz)

(/usr/share/texmf-texlive/tex/latex/lettrine/lettrine.sty
File: lettrine.sty 2007/08/08 v1.62 (Daniel Flipo)
\c@DefaultLines=\count97
\DefaultFindent=\dimen109
\DefaultNindent=\dimen110
\DefaultSlope=\dimen111
\L@lbox=\box29
\L@tbox=\box30
\c@L@lines=\count98
\L@Pindent=\dimen112
\L@Findent=\dimen113
\L@Nindent=\dimen114
\L@lraise=\dimen115
\L@first=\dimen116
\L@next=\dimen117
\L@slope=\dimen118
\L@height=\dimen119
\LettrineWidth=\dimen120

Loading lettrine.cfg
(/usr/share/texmf-texlive/tex/latex/lettrine/lettrine.cfg))
(/usr/share/texmf-texlive/tex/latex/type1cm/type1cm.sty
Package: type1cm 2002/09/05 v0.04 BlueSky/Y&Y Type1 CM font definitions (DPC, p
atched RF)
)
(/usr/share/texmf-texlive/tex/latex/wrapfig/wrapfig.sty
\wrapoverhang=\dimen121
\WF@size=\dimen122
\c@WF@wrappedlines=\count99
\WF@box=\box31
\WF@everypar=\toks18
Package: wrapfig 2003/01/31  v 3.6
) (./rapport.aux
(./chapters/intro.aux) (./chapters/chap1.aux) (./chapters/chap2.aux)
(./chapters/chap3.aux) (./chapters/chap4.aux) (./chapters/concl.aux)
(./chapters/netographie.aux))
\openout1 = `rapport.aux'.

LaTeX Font Info:    Checking defaults for OML/cmm/m/it on input line 22.
LaTeX Font Info:    ... okay on input line 22.
LaTeX Font Info:    Checking defaults for T1/cmr/m/n on input line 22.
LaTeX Font Info:    ... okay on input line 22.
LaTeX Font Info:    Checking defaults for OT1/cmr/m/n on input line 22.
LaTeX Font Info:    ... okay on input line 22.
LaTeX Font Info:    Checking defaults for OMS/cmsy/m/n on input line 22.
LaTeX Font Info:    ... okay on input line 22.
LaTeX Font Info:    Checking defaults for OMX/cmex/m/n on input line 22.
LaTeX Font Info:    ... okay on input line 22.
LaTeX Font Info:    Checking defaults for U/cmr/m/n on input line 22.
LaTeX Font Info:    ... okay on input line 22.
 (/usr/share/texmf/tex/context/base/supp-pdf.mkii
[Loading MPS to PDF converter (version 2006.09.02).]
\scratchcounter=\count100
\scratchdimen=\dimen123
\scratchbox=\box32
\nofMPsegments=\count101
\nofMParguments=\count102
\everyMPshowfont=\toks19
\MPscratchCnt=\count103
\MPscratchDim=\dimen124
\MPnumerator=\count104
\everyMPtoPDFconversion=\toks20
)
\c@lstlisting=\count105
LaTeX Font Info:    Try loading font information for T1+pag on input line 24.
 (/usr/share/texmf-texlive/tex/latex/psnfss/t1pag.fd
File: t1pag.fd 2001/06/04 font definitions for T1/pag.
)
LaTeX Font Info:    Font shape `T1/pag/b/n' in size <24.88> not available
(Font)              Font shape `T1/pag/db/n' tried instead on input line 24.
LaTeX Font Info:    Font shape `T1/pag/b/n' in size <100> not available
(Font)              Font shape `T1/pag/db/n' tried instead on input line 24.
 (./rapport.toc [1



{/var/lib/texmf/fonts/map/pdftex/updmap/pdftex.map}] [2])
\tf@toc=\write3
\openout3 = `rapport.toc'.

 [3] [4

] (./rapport.lof
[5])
\tf@lof=\write4
\openout4 = `rapport.lof'.

 [6]
\openout2 = `./chapters/intro.aux'.

 (./chapters/intro.tex
Chapter 1.

Underfull \vbox (badness 1895) has occurred while \output is active []

 [1



]
LaTeX Font Info:    Font shape `OMS/cmr/m/n' in size <12> not available
(Font)              Font shape `OMS/cmsy/m/n' tried instead on input line 19.
)
[2]
\openout2 = `./chapters/chap1.aux'.

 (./chapters/chap1.tex
Chapter 2.
[3



] <./images/Cloudcomputing.png, id=35, 664.4825pt x 601.24625pt>
File: ./images/Cloudcomputing.png Graphic file (type png)

<use ./images/Cloudcomputing.png> [4 <./images/Cloudcomputing.png>] [5]
[6] [7] [8] <./images/Eucalyptus-Logo.jpg, id=54, 225.84375pt x 24.09pt>
File: ./images/Eucalyptus-Logo.jpg Graphic file (type jpg)

<use ./images/Eucalyptus-Logo.jpg> [9 <./images/Eucalyptus-Logo.jpg>]
<./images/ComponentsEucalyptus.png, id=58, 144.54pt x 112.5003pt>
File: ./images/ComponentsEucalyptus.png Graphic file (type png)

<use ./images/ComponentsEucalyptus.png> [10 <./images/ComponentsEucalyptus.png>
] <./images/EucalyptusArchitecture.png, id=63, 438.63875pt x 238.8925pt>
File: ./images/EucalyptusArchitecture.png Graphic file (type png)

<use ./images/EucalyptusArchitecture.png> [11 <./images/EucalyptusArchitecture.
png (PNG copy)>]
<./images/OpenNebula-Logo.jpg, id=67, 233.12903pt x 55.17387pt>
File: ./images/OpenNebula-Logo.jpg Graphic file (type jpg)

<use ./images/OpenNebula-Logo.jpg> [12 <./images/OpenNebula-Logo.jpg>]
<./images/platform/OpenNebula/history.png, id=71, 337.26pt x 212.9556pt>
File: ./images/platform/OpenNebula/history.png Graphic file (type png)

<use ./images/platform/OpenNebula/history.png>
<./images/platform/OpenNebula/one-architecture.png, id=72, 510.90875pt x 314.17
375pt>
File: ./images/platform/OpenNebula/one-architecture.png Graphic file (type png)

 <use ./images/platform/OpenNebula/one-architecture.png>

LaTeX Warning: `!h' float specifier changed to `!ht'.

[13 <./images/platform/OpenNebula/history.png>] [14 <./images/platform/OpenNebu
la/one-architecture.png (PNG copy)>] [15]
<./images/OpenStack.png, id=84, 216.81pt x 216.81pt>
File: ./images/OpenStack.png Graphic file (type png)

<use ./images/OpenStack.png> [16 <./images/OpenStack.png>]
<./images/part.png, id=89, 993.7125pt x 610.28pt>
File: ./images/part.png Graphic file (type png)
 <use ./images/part.png>
[17 <./images/part.png (PNG copy)>]
<./images/OpenStackCore.png, id=93, 534.99875pt x 491.8375pt>
File: ./images/OpenStackCore.png Graphic file (type png)

<use ./images/OpenStackCore.png> [18 <./images/OpenStackCore.png>]
Underfull \hbox (badness 2452) in paragraph at lines 439--439
[][]\OT1/cmr/m/n/12 Advantages and dis-ad-
 []


Underfull \hbox (badness 3209) in paragraph at lines 442--442
[][]\OT1/cmr/m/n/12 problematic:[]depends on
 []


Underfull \hbox (badness 10000) in paragraph at lines 442--442
[][]\OT1/cmr/m/n/12 easy:[]automated
 []


Underfull \hbox (badness 10000) in paragraph at lines 442--442
\OT1/cmr/m/n/12 in-stal-la-tion and
 []


Underfull \hbox (badness 2828) in paragraph at lines 442--442
\OT1/cmr/m/n/12 on the sup-ported dis-
 []


Underfull \hbox (badness 10000) in paragraph at lines 444--444
[][]\OT1/cmr/m/n/12 very good:[]site well
 []


Underfull \hbox (badness 10000) in paragraph at lines 444--444
\OT1/cmr/m/n/12 sup-plied and easy
 []


Underfull \hbox (badness 4981) in paragraph at lines 444--444
\OT1/cmr/m/n/12 to ac-cess with the
 []


Underfull \hbox (badness 10000) in paragraph at lines 444--444
\OT1/cmr/m/n/12 same time a wiki
 []


Underfull \hbox (badness 4217) in paragraph at lines 444--444
\OT1/cmr/m/n/12 tial and an of-fi-cial
 []


Underfull \hbox (badness 10000) in paragraph at lines 444--444
[][]\OT1/cmr/m/n/12 perfect:[]documentation,
 []


Underfull \hbox (badness 1194) in paragraph at lines 444--444
\OT1/cmr/m/n/12 u-ra-tion files, ex-am-ples.
 []


Overfull \hbox (43.73795pt too wide) in paragraph at lines 432--449
[] 
 []

[19] <./images/arch.png, id=102, 657.2053pt x 467.49657pt>
File: ./images/arch.png Graphic file (type png)

<use ./images/arch.png>

LaTeX Warning: `!h' float specifier changed to `!ht'.

[20] <./images/components.png, id=106, 380.622pt x 307.8702pt>
File: ./images/components.png Graphic file (type png)

<use ./images/components.png>

LaTeX Warning: `!h' float specifier changed to `!ht'.

[21 <./images/arch.png (PNG copy)>]
Overfull \hbox (21.44704pt too wide) in paragraph at lines 520--521
 \OT1/cmr/bx/n/12 nova-compute:[] \OT1/cmr/m/n/12 Com-pute work-ers man-age com
-put-ing in-stances on host ma-chines. Through
 []

[22 <./images/components.png>] [23]
<./images/history.png, id=117, 1004.75375pt x 381.425pt>
File: ./images/history.png Graphic file (type png)

<use ./images/history.png> [24 <./images/history.png (PNG copy)>] [25] [26]
[27] [28] <./images/mobile/compare.png, id=134, 565.11125pt x 627.34375pt>
File: ./images/mobile/compare.png Graphic file (type png)

<use ./images/mobile/compare.png> [29 <./images/mobile/compare.png>]
<./images/mobile/arch.jpg, id=139, 725.75366pt x 521.15831pt>
File: ./images/mobile/arch.jpg Graphic file (type jpg)

<use ./images/mobile/arch.jpg> [30 <./images/mobile/arch.jpg>] [31] [32])
[33]
\openout2 = `./chapters/chap2.aux'.

 (./chapters/chap2.tex [34



]
Chapter 3.
[35] <./images/install/accueil.png, id=159, 642.4pt x 480.79625pt>
File: ./images/install/accueil.png Graphic file (type png)

<use ./images/install/accueil.png>
<./images/install/install.png, id=160, 720.6925pt x 399.4925pt>
File: ./images/install/install.png Graphic file (type png)

<use ./images/install/install.png> [36 <./images/install/accueil.png (PNG copy)
> <./images/install/install.png (PNG copy)>]
<./images/install/conf.png, id=164, 722.7pt x 400.49625pt>
File: ./images/install/conf.png Graphic file (type png)

<use ./images/install/conf.png>
<./images/install/service.png, id=165, 723.70375pt x 401.5pt>
File: ./images/install/service.png Graphic file (type png)

<use ./images/install/service.png> [37 <./images/install/conf.png (PNG copy)> <
./images/install/service.png (PNG copy)>]
(/usr/share/texmf-texlive/tex/latex/listings/lstlang1.sty
File: lstlang1.sty 2004/09/05 1.3 listings language file
)
(/usr/share/texmf-texlive/tex/latex/listings/lstlang2.sty
File: lstlang2.sty 2004/09/05 1.3 listings language file
)
(/usr/share/texmf-texlive/tex/latex/listings/lstlang3.sty
File: lstlang3.sty 2004/09/05 1.3 listings language file
)
(/usr/share/texmf-texlive/tex/latex/listings/lstlang1.sty
File: lstlang1.sty 2004/09/05 1.3 listings language file
)
(/usr/share/texmf-texlive/tex/latex/listings/lstlang2.sty
File: lstlang2.sty 2004/09/05 1.3 listings language file
)
(/usr/share/texmf-texlive/tex/latex/listings/lstlang3.sty
File: lstlang3.sty 2004/09/05 1.3 listings language file
)
(/usr/share/texmf-texlive/tex/latex/listings/lstlang1.sty
File: lstlang1.sty 2004/09/05 1.3 listings language file
)
(/usr/share/texmf-texlive/tex/latex/listings/lstlang2.sty
File: lstlang2.sty 2004/09/05 1.3 listings language file
)
(/usr/share/texmf-texlive/tex/latex/listings/lstlang3.sty
File: lstlang3.sty 2004/09/05 1.3 listings language file
)
(/usr/share/texmf-texlive/tex/latex/listings/lstmisc.sty
File: lstmisc.sty 2007/02/22 1.4 (Carsten Heinz)
) [38] [39] [40]
[41] [42] [43] [44]
Overfull \hbox (12.3313pt too wide) in paragraph at lines 260--261
[][][][][][][][][][][][][][][][][][][][] 
 []


Overfull \hbox (5.28131pt too wide) in paragraph at lines 270--271
[][][][][][][][][][][][][][][][][][][][] 
 []

[45]
LaTeX Font Info:    Font shape `OML/cmr/m/n' in size <12> not available
(Font)              Font shape `OML/cmm/m/it' tried instead on input line 283.
) [46]
\openout2 = `./chapters/chap3.aux'.

 (./chapters/chap3.tex
Chapter 4.
<./images/implementation/uml.png, id=200, 24.32617pt x 17.0047pt>
File: ./images/implementation/uml.png Graphic file (type png)

<use ./images/implementation/uml.png>
<./images/design/usecase.png, id=201, 1023.825pt x 646.415pt>
File: ./images/design/usecase.png Graphic file (type png)

<use ./images/design/usecase.png>
Overfull \hbox (2.26567pt too wide) in paragraph at lines 16--17
 [] 
 []


Underfull \vbox (badness 10000) has occurred while \output is active []

 [47



 <./images/implementation/uml.png>] [48 <./images/design/usecase.png>]
<./images/design/sequenceuser.png, id=210, 625.33624pt x 529.98pt>
File: ./images/design/sequenceuser.png Graphic file (type png)

<use ./images/design/sequenceuser.png>
Overfull \hbox (59.19092pt too wide) in paragraph at lines 31--32
 [] 
 []

<./images/design/sequenceadmin.png, id=211, 573.14125pt x 790.955pt>
File: ./images/design/sequenceadmin.png Graphic file (type png)

<use ./images/design/sequenceadmin.png>
Overfull \hbox (2.28368pt too wide) in paragraph at lines 37--38
 [] 
 []


LaTeX Warning: `!h' float specifier changed to `!ht'.

[49 <./images/design/sequenceuser.png>] [50 <./images/design/sequenceadmin.png>
] <./images/design/package.png, id=221, 927.465pt x 433.62pt>
File: ./images/design/package.png Graphic file (type png)

<use ./images/design/package.png> [51

 <./images/design/package.png>]
<./images/design/deployment.png, id=226, 726.715pt x 395.4775pt>
File: ./images/design/deployment.png Graphic file (type png)

<use ./images/design/deployment.png>) [52 <./images/design/deployment.png>]
\openout2 = `./chapters/chap4.aux'.


(./chapters/chap4.tex
Chapter 5.
<./images/implementation/me.png, id=231, 174.6525pt x 194.7275pt>
File: ./images/implementation/me.png Graphic file (type png)

<use ./images/implementation/me.png>
Overfull \hbox (28.45276pt too wide) in paragraph at lines 7--8
[][] 
 []


Underfull \hbox (badness 10000) in paragraph at lines 9--15

 []

[53



 <./images/implementation/me.png (PNG copy)>]
<./images/implementation/you.png, id=235, 174.6525pt x 174.6525pt>
File: ./images/implementation/you.png Graphic file (type png)

<use ./images/implementation/you.png>
Overfull \hbox (28.45276pt too wide) in paragraph at lines 17--18
[][] 
 []


Underfull \hbox (badness 10000) in paragraph at lines 20--26

 []

<./images/implementation/Eclipselogo.png, id=236, 250.9375pt x 136.51pt>
File: ./images/implementation/Eclipselogo.png Graphic file (type png)

<use ./images/implementation/Eclipselogo.png>
Overfull \hbox (28.45276pt too wide) in paragraph at lines 33--34
[][] 
 []

[54 <./images/implementation/you.png> <./images/implementation/Eclipselogo.png>
] <./images/implementation/StarUML.png, id=242, 268.00125pt x 102.3825pt>
File: ./images/implementation/StarUML.png Graphic file (type png)

<use ./images/implementation/StarUML.png>
Overfull \hbox (28.45276pt too wide) in paragraph at lines 49--50
[][] 
 []

<./images/implementation/gimp.png, id=243, 38.544pt x 38.544pt>
File: ./images/implementation/gimp.png Graphic file (type png)

<use ./images/implementation/gimp.png>
Overfull \hbox (28.45276pt too wide) in paragraph at lines 62--63
[][] 
 []

[55 <./images/implementation/StarUML.png> <./images/implementation/gimp.png>]
<./images/implementation/latex.png, id=250, 803.0pt x 334.24875pt>
File: ./images/implementation/latex.png Graphic file (type png)

<use ./images/implementation/latex.png>
<./images/implementation/json.png, id=251, 192.72pt x 119.44624pt>
File: ./images/implementation/json.png Graphic file (type png)

<use ./images/implementation/json.png> [56 <./images/implementation/latex.png> 
<./images/implementation/json.png>]
<./images/implementation/java.png, id=257, 301.125pt x 225.84375pt>
File: ./images/implementation/java.png Graphic file (type png)

<use ./images/implementation/java.png>
<./images/implementation/login.png, id=258, 261.97874pt x 418.56375pt>
File: ./images/implementation/login.png Graphic file (type png)

<use ./images/implementation/login.png>

LaTeX Warning: `!h' float specifier changed to `!ht'.

[57 <./images/implementation/java.png>]
<./images/implementation/menu.png, id=263, 445.665pt x 713.66624pt>
File: ./images/implementation/menu.png Graphic file (type png)

<use ./images/implementation/menu.png>
<./images/implementation/images.png, id=264, 457.71pt x 730.73pt>
File: ./images/implementation/images.png Graphic file (type png)

<use ./images/implementation/images.png> [58 <./images/implementation/login.png
 (PNG copy)> <./images/implementation/menu.png>]) [59 <./images/implementation/
images.png>]
\openout2 = `./chapters/concl.aux'.

 (./chapters/concl.tex [60



]
Chapter 6.
[61]) [62]
\openout2 = `./chapters/netographie.aux'.

 (./chapters/netographie.tex) [63




] (./rapport.aux
(./chapters/intro.aux) (./chapters/chap1.aux) (./chapters/chap2.aux)
(./chapters/chap3.aux) (./chapters/chap4.aux) (./chapters/concl.aux)
(./chapters/netographie.aux)) ) 
Here is how much of TeX's memory you used:
 4845 strings out of 493848
 67955 string characters out of 1152824
 170140 words of memory out of 3000000
 7986 multiletter control sequences out of 15000+50000
 15650 words of font info for 42 fonts, out of 3000000 for 9000
 714 hyphenation exceptions out of 8191
 45i,8n,71p,496b,2221s stack positions out of 5000i,500n,10000p,200000b,50000s
{/usr/share/texmf-texlive/fonts/enc/dvips/base/8
r.enc}</usr/share/texmf-texlive/fonts/type1/public/amsfonts/cm/cmbx12.pfb></usr
/share/texmf-texlive/fonts/type1/public/amsfonts/cm/cmmi12.pfb></usr/share/texm
f-texlive/fonts/type1/public/amsfonts/cm/cmr10.pfb></usr/share/texmf-texlive/fo
nts/type1/public/amsfonts/cm/cmr12.pfb></usr/share/texmf-texlive/fonts/type1/pu
blic/amsfonts/cm/cmr17.pfb></usr/share/texmf-texlive/fonts/type1/public/amsfont
s/cm/cmsy10.pfb></usr/share/texmf-texlive/fonts/type1/urw/avantgar/uagd8a.pfb>
Output written on rapport.pdf (69 pages, 3183838 bytes).
PDF statistics:
 312 PDF objects out of 1000 (max. 8388607)
 0 named destinations out of 1000 (max. 500000)
 181 words of extra memory for PDF output out of 10000 (max. 10000000)

